c:\users\pc\source\repos\networkprogramming\0604\0604\debug\vc142.pdb
c:\users\pc\source\repos\networkprogramming\0604\0604\debug\vc142.idb
c:\users\pc\source\repos\networkprogramming\0604\0604\debug\start.obj
c:\users\pc\source\repos\networkprogramming\0604\0604\debug\cmynet.obj
c:\users\pc\source\repos\networkprogramming\0604\debug\0604.pdb
c:\users\pc\source\repos\networkprogramming\0604\0604\debug\0604.tlog\cl.command.1.tlog
c:\users\pc\source\repos\networkprogramming\0604\0604\debug\0604.tlog\cl.read.1.tlog
c:\users\pc\source\repos\networkprogramming\0604\0604\debug\0604.tlog\cl.write.1.tlog
c:\users\pc\source\repos\networkprogramming\0604\0604\debug\0604.tlog\link-cvtres.read.1.tlog
c:\users\pc\source\repos\networkprogramming\0604\0604\debug\0604.tlog\link-cvtres.write.1.tlog
c:\users\pc\source\repos\networkprogramming\0604\0604\debug\0604.tlog\link-rc.read.1.tlog
c:\users\pc\source\repos\networkprogramming\0604\0604\debug\0604.tlog\link-rc.write.1.tlog
c:\users\pc\source\repos\networkprogramming\0604\0604\debug\0604.tlog\link.22208-cvtres.read.1.tlog
c:\users\pc\source\repos\networkprogramming\0604\0604\debug\0604.tlog\link.22208-cvtres.write.1.tlog
c:\users\pc\source\repos\networkprogramming\0604\0604\debug\0604.tlog\link.22208-rc.read.1.tlog
c:\users\pc\source\repos\networkprogramming\0604\0604\debug\0604.tlog\link.22208-rc.write.1.tlog
c:\users\pc\source\repos\networkprogramming\0604\0604\debug\0604.tlog\link.22208.read.1.tlog
c:\users\pc\source\repos\networkprogramming\0604\0604\debug\0604.tlog\link.22208.write.1.tlog
c:\users\pc\source\repos\networkprogramming\0604\0604\debug\0604.tlog\link.command.1.tlog
c:\users\pc\source\repos\networkprogramming\0604\0604\debug\0604.tlog\link.read.1.tlog
c:\users\pc\source\repos\networkprogramming\0604\0604\debug\0604.tlog\link.write.1.tlog
