c:\users\pc\source\repos\networkprogramming\0608_client\0608_client\debug\0608_client.pch
c:\users\pc\source\repos\networkprogramming\0608_client\0608_client\debug\vc142.pdb
c:\users\pc\source\repos\networkprogramming\0608_client\0608_client\debug\vc142.idb
c:\users\pc\source\repos\networkprogramming\0608_client\0608_client\debug\pch.obj
c:\users\pc\source\repos\networkprogramming\0608_client\0608_client\debug\packet.obj
c:\users\pc\source\repos\networkprogramming\0608_client\0608_client\debug\control.obj
c:\users\pc\source\repos\networkprogramming\0608_client\0608_client\debug\cnewmemberdlg.obj
c:\users\pc\source\repos\networkprogramming\0608_client\0608_client\debug\cmyclient.obj
c:\users\pc\source\repos\networkprogramming\0608_client\0608_client\debug\0608_clientdlg.obj
c:\users\pc\source\repos\networkprogramming\0608_client\0608_client\debug\0608_client.obj
c:\users\pc\source\repos\networkprogramming\0608_client\debug\0608_client.ilk
c:\users\pc\source\repos\networkprogramming\0608_client\debug\0608_client.exe
c:\users\pc\source\repos\networkprogramming\0608_client\debug\0608_client.pdb
c:\users\pc\source\repos\networkprogramming\0608_client\0608_client\debug\my0608client.res
c:\users\pc\source\repos\networkprogramming\0608_client\0608_client\debug\0608_client.tlog\cl.command.1.tlog
c:\users\pc\source\repos\networkprogramming\0608_client\0608_client\debug\0608_client.tlog\cl.read.1.tlog
c:\users\pc\source\repos\networkprogramming\0608_client\0608_client\debug\0608_client.tlog\cl.write.1.tlog
c:\users\pc\source\repos\networkprogramming\0608_client\0608_client\debug\0608_client.tlog\link.command.1.tlog
c:\users\pc\source\repos\networkprogramming\0608_client\0608_client\debug\0608_client.tlog\link.read.1.tlog
c:\users\pc\source\repos\networkprogramming\0608_client\0608_client\debug\0608_client.tlog\link.write.1.tlog
c:\users\pc\source\repos\networkprogramming\0608_client\0608_client\debug\0608_client.tlog\rc.command.1.tlog
c:\users\pc\source\repos\networkprogramming\0608_client\0608_client\debug\0608_client.tlog\rc.read.1.tlog
c:\users\pc\source\repos\networkprogramming\0608_client\0608_client\debug\0608_client.tlog\rc.write.1.tlog
